c:\users\ferru\onedrive\documents\uqac\ia jeux video\exo1\code_source_devoir_1\buckland_chapter2-state machines\westworldwithmessaging\debug\westworldwithmessaging.bsc
c:\users\ferru\onedrive\documents\uqac\ia jeux video\exo1\code_source_devoir_1\buckland_chapter2-state machines\westworldwithmessaging\debug\vc142.pdb
c:\users\ferru\onedrive\documents\uqac\ia jeux video\exo1\code_source_devoir_1\buckland_chapter2-state machines\westworldwithmessaging\debug\vc142.idb
c:\users\ferru\onedrive\documents\uqac\ia jeux video\exo1\code_source_devoir_1\buckland_chapter2-state machines\westworldwithmessaging\debug\minerswifeownedstates.sbr
c:\users\ferru\onedrive\documents\uqac\ia jeux video\exo1\code_source_devoir_1\buckland_chapter2-state machines\westworldwithmessaging\debug\minerswife.sbr
c:\users\ferru\onedrive\documents\uqac\ia jeux video\exo1\code_source_devoir_1\buckland_chapter2-state machines\westworldwithmessaging\debug\minerownedstates.sbr
c:\users\ferru\onedrive\documents\uqac\ia jeux video\exo1\code_source_devoir_1\buckland_chapter2-state machines\westworldwithmessaging\debug\miner.sbr
c:\users\ferru\onedrive\documents\uqac\ia jeux video\exo1\code_source_devoir_1\buckland_chapter2-state machines\westworldwithmessaging\debug\messagedispatcher.sbr
c:\users\ferru\onedrive\documents\uqac\ia jeux video\exo1\code_source_devoir_1\buckland_chapter2-state machines\westworldwithmessaging\debug\main.sbr
c:\users\ferru\onedrive\documents\uqac\ia jeux video\exo1\code_source_devoir_1\buckland_chapter2-state machines\westworldwithmessaging\debug\entitymanager.sbr
c:\users\ferru\onedrive\documents\uqac\ia jeux video\exo1\code_source_devoir_1\buckland_chapter2-state machines\westworldwithmessaging\debug\basegameentity.sbr
c:\users\ferru\onedrive\documents\uqac\ia jeux video\exo1\code_source_devoir_1\buckland_chapter2-state machines\westworldwithmessaging\debug\crudetimer.sbr
c:\users\ferru\onedrive\documents\uqac\ia jeux video\exo1\code_source_devoir_1\buckland_chapter2-state machines\westworldwithmessaging\debug\crudetimer.obj
c:\users\ferru\onedrive\documents\uqac\ia jeux video\exo1\code_source_devoir_1\buckland_chapter2-state machines\westworldwithmessaging\debug\basegameentity.obj
c:\users\ferru\onedrive\documents\uqac\ia jeux video\exo1\code_source_devoir_1\buckland_chapter2-state machines\westworldwithmessaging\debug\entitymanager.obj
c:\users\ferru\onedrive\documents\uqac\ia jeux video\exo1\code_source_devoir_1\buckland_chapter2-state machines\westworldwithmessaging\debug\messagedispatcher.obj
c:\users\ferru\onedrive\documents\uqac\ia jeux video\exo1\code_source_devoir_1\buckland_chapter2-state machines\westworldwithmessaging\debug\miner.obj
c:\users\ferru\onedrive\documents\uqac\ia jeux video\exo1\code_source_devoir_1\buckland_chapter2-state machines\westworldwithmessaging\debug\minerownedstates.obj
c:\users\ferru\onedrive\documents\uqac\ia jeux video\exo1\code_source_devoir_1\buckland_chapter2-state machines\westworldwithmessaging\debug\minerswife.obj
c:\users\ferru\onedrive\documents\uqac\ia jeux video\exo1\code_source_devoir_1\buckland_chapter2-state machines\westworldwithmessaging\debug\minerswifeownedstates.obj
c:\users\ferru\onedrive\documents\uqac\ia jeux video\exo1\code_source_devoir_1\buckland_chapter2-state machines\westworldwithmessaging\debug\main.obj
c:\users\ferru\onedrive\documents\uqac\ia jeux video\exo1\code_source_devoir_1\buckland_chapter2-state machines\westworldwithmessaging\debug\elsasloverownedstates.sbr
c:\users\ferru\onedrive\documents\uqac\ia jeux video\exo1\code_source_devoir_1\buckland_chapter2-state machines\westworldwithmessaging\debug\elsaslover.sbr
c:\users\ferru\onedrive\documents\uqac\ia jeux video\exo1\code_source_devoir_1\buckland_chapter2-state machines\westworldwithmessaging\debug\westworldwithmessaging.ilk
c:\users\ferru\onedrive\documents\uqac\ia jeux video\exo1\code_source_devoir_1\buckland_chapter2-state machines\westworldwithmessaging\debug\westworldwithmessaging.exe
c:\users\ferru\onedrive\documents\uqac\ia jeux video\exo1\code_source_devoir_1\buckland_chapter2-state machines\westworldwithmessaging\debug\westworldwithmessaging.pdb
c:\users\ferru\onedrive\documents\uqac\ia jeux video\exo1\code_source_devoir_1\buckland_chapter2-state machines\westworldwithmessaging\debug\westworl.da91b1f9.tlog\bscmake.command.1.tlog
c:\users\ferru\onedrive\documents\uqac\ia jeux video\exo1\code_source_devoir_1\buckland_chapter2-state machines\westworldwithmessaging\debug\westworl.da91b1f9.tlog\bscmake.read.1.tlog
c:\users\ferru\onedrive\documents\uqac\ia jeux video\exo1\code_source_devoir_1\buckland_chapter2-state machines\westworldwithmessaging\debug\westworl.da91b1f9.tlog\bscmake.write.1.tlog
c:\users\ferru\onedrive\documents\uqac\ia jeux video\exo1\code_source_devoir_1\buckland_chapter2-state machines\westworldwithmessaging\debug\westworl.da91b1f9.tlog\cl.command.1.tlog
c:\users\ferru\onedrive\documents\uqac\ia jeux video\exo1\code_source_devoir_1\buckland_chapter2-state machines\westworldwithmessaging\debug\westworl.da91b1f9.tlog\cl.read.1.tlog
c:\users\ferru\onedrive\documents\uqac\ia jeux video\exo1\code_source_devoir_1\buckland_chapter2-state machines\westworldwithmessaging\debug\westworl.da91b1f9.tlog\cl.write.1.tlog
c:\users\ferru\onedrive\documents\uqac\ia jeux video\exo1\code_source_devoir_1\buckland_chapter2-state machines\westworldwithmessaging\debug\westworl.da91b1f9.tlog\link.command.1.tlog
c:\users\ferru\onedrive\documents\uqac\ia jeux video\exo1\code_source_devoir_1\buckland_chapter2-state machines\westworldwithmessaging\debug\westworl.da91b1f9.tlog\link.read.1.tlog
c:\users\ferru\onedrive\documents\uqac\ia jeux video\exo1\code_source_devoir_1\buckland_chapter2-state machines\westworldwithmessaging\debug\westworl.da91b1f9.tlog\link.write.1.tlog
